<?xml version="1.0" encoding="UTF-8"?>
<!-- Generated by org.testng.reporters.JUnitReportReporter -->
<testsuite hostname="sailaksmi" failures="0" tests="1" name="Pom_test.ProductTest" time="14.352" errors="0" timestamp="21 Dec 2023 09:44:58 GMT">
  <testcase classname="Pom_test.ProductTest" name="verifyLogin" time="14.352"/>
</testsuite> <!-- Pom_test.ProductTest -->
