<?xml version="1.0" encoding="UTF-8"?>
<!-- Generated by org.testng.reporters.JUnitReportReporter -->
<testsuite hostname="sailaksmi" failures="0" tests="1" name="Pom_test.logintest" time="3.159" errors="0" timestamp="21 Dec 2023 09:44:00 GMT">
  <testcase classname="Pom_test.logintest" name="verifyLogin" time="3.159"/>
</testsuite> <!-- Pom_test.logintest -->
